<?xml version="1.0" encoding="UTF-8"?>
<testng-results skipped="0" failed="0" ignored="0" total="1" passed="1">
  <reporter-output>
  </reporter-output>
  <suite name="Suite" duration-ms="29399" started-at="2019-01-30T01:56:50Z" finished-at="2019-01-30T01:57:19Z">
    <groups>
    </groups>
    <test name="Test" duration-ms="29399" started-at="2019-01-30T01:56:50Z" finished-at="2019-01-30T01:57:19Z">
      <class name="org.project.Checking">
        <test-method status="PASS" signature="getdriver()[pri:0, instance:org.project.Checking@215be6bb]" name="getdriver" is-config="true" duration-ms="4864" started-at="2019-01-30T01:56:50Z" finished-at="2019-01-30T01:56:55Z">
          <reporter-output>
          </reporter-output>
        </test-method> <!-- getdriver -->
        <test-method status="PASS" signature="launchbrowser()[pri:0, instance:org.project.Checking@215be6bb]" name="launchbrowser" is-config="true" duration-ms="7240" started-at="2019-01-30T01:56:55Z" finished-at="2019-01-30T01:57:02Z">
          <reporter-output>
          </reporter-output>
        </test-method> <!-- launchbrowser -->
        <test-method status="PASS" signature="test()[pri:0, instance:org.project.Checking@215be6bb]" name="test" duration-ms="16460" started-at="2019-01-30T01:57:02Z" finished-at="2019-01-30T01:57:18Z">
          <reporter-output>
          </reporter-output>
        </test-method> <!-- test -->
        <test-method status="PASS" signature="quit()[pri:0, instance:org.project.Checking@215be6bb]" name="quit" is-config="true" duration-ms="795" started-at="2019-01-30T01:57:18Z" finished-at="2019-01-30T01:57:19Z">
          <reporter-output>
          </reporter-output>
        </test-method> <!-- quit -->
      </class> <!-- org.project.Checking -->
    </test> <!-- Test -->
  </suite> <!-- Suite -->
</testng-results>
